<?xml version="1.0" encoding="UTF-8"?>
<!-- Generated by org.testng.reporters.JUnitReportReporter -->
<testsuite hostname="Rohini" failures="0" tests="1" name="test.AddCustomerTest" time="23.667" errors="0" timestamp="2023-10-12T00:57:49 CDT" skipped="0">
  <testcase classname="test.AddCustomerTest" name="userShouldBeAbleToAddCustomer" time="23.667"/>
</testsuite> <!-- test.AddCustomerTest -->
