<?xml version="1.0" encoding="UTF-8"?>
<!-- Generated by org.testng.reporters.JUnitReportReporter -->
<testsuite hostname="Rohini" failures="0" tests="1" name="test.AddCustomerTest" time="15.673" errors="0" timestamp="2023-10-11T23:49:27 CDT" skipped="0">
  <testcase classname="test.AddCustomerTest" name="userShouldBeAbleToAddCustomer" time="15.673"/>
</testsuite> <!-- test.AddCustomerTest -->
