<?xml version="1.0" encoding="UTF-8"?>
<!-- Generated by org.testng.reporters.JUnitReportReporter -->
<testsuite hostname="Rohini" failures="0" tests="1" name="test.LoginTest" time="11.342" errors="0" timestamp="2023-10-11T13:42:00 CDT" skipped="0">
  <testcase classname="test.LoginTest" name="validUserShouldBeAbleToLogin" time="11.342"/>
</testsuite> <!-- test.LoginTest -->
